# Logfile created on 2014-02-23 12:54:49 -0500 by logger.rb/44203
I, [2014-02-23T12:54:49.929822 #69213]  INFO -- : 0:  rake (10.1.1) from /Users/shawnbroukhim/.rbenv/versions/2.1.0/lib/ruby/gems/2.1.0/specifications/rake-10.1.1.gemspec
I, [2014-02-23T12:54:49.930118 #69213]  INFO -- : 0:  i18n (0.6.9) from /Users/shawnbroukhim/.rbenv/versions/2.1.0/lib/ruby/gems/2.1.0/specifications/i18n-0.6.9.gemspec
I, [2014-02-23T12:54:49.930323 #69213]  INFO -- : 0:  minitest (4.7.5) from /Users/shawnbroukhim/.rbenv/versions/2.1.0/lib/ruby/gems/2.1.0/specifications/default/minitest-4.7.5.gemspec
I, [2014-02-23T12:54:49.930539 #69213]  INFO -- : 0:  multi_json (1.8.4) from /Users/shawnbroukhim/.rbenv/versions/2.1.0/lib/ruby/gems/2.1.0/specifications/multi_json-1.8.4.gemspec
I, [2014-02-23T12:54:49.930754 #69213]  INFO -- : 0:  atomic (1.1.14) from /Users/shawnbroukhim/.rbenv/versions/2.1.0/lib/ruby/gems/2.1.0/specifications/atomic-1.1.14.gemspec
I, [2014-02-23T12:54:49.930990 #69213]  INFO -- : 0:  thread_safe (0.1.3) from /Users/shawnbroukhim/.rbenv/versions/2.1.0/lib/ruby/gems/2.1.0/specifications/thread_safe-0.1.3.gemspec
I, [2014-02-23T12:54:49.931195 #69213]  INFO -- : 0:  tzinfo (0.3.38) from /Users/shawnbroukhim/.rbenv/versions/2.1.0/lib/ruby/gems/2.1.0/specifications/tzinfo-0.3.38.gemspec
I, [2014-02-23T12:54:49.931394 #69213]  INFO -- : 0:  activesupport (4.0.2) from /Users/shawnbroukhim/.rbenv/versions/2.1.0/lib/ruby/gems/2.1.0/specifications/activesupport-4.0.2.gemspec
I, [2014-02-23T12:54:49.931622 #69213]  INFO -- : 0:  builder (3.1.4) from /Users/shawnbroukhim/.rbenv/versions/2.1.0/lib/ruby/gems/2.1.0/specifications/builder-3.1.4.gemspec
I, [2014-02-23T12:54:49.931831 #69213]  INFO -- : 0:  erubis (2.7.0) from /Users/shawnbroukhim/.rbenv/versions/2.1.0/lib/ruby/gems/2.1.0/specifications/erubis-2.7.0.gemspec
I, [2014-02-23T12:54:49.932054 #69213]  INFO -- : 0:  rack (1.5.2) from /Users/shawnbroukhim/.rbenv/versions/2.1.0/lib/ruby/gems/2.1.0/specifications/rack-1.5.2.gemspec
I, [2014-02-23T12:54:49.932272 #69213]  INFO -- : 0:  rack-test (0.6.2) from /Users/shawnbroukhim/.rbenv/versions/2.1.0/lib/ruby/gems/2.1.0/specifications/rack-test-0.6.2.gemspec
I, [2014-02-23T12:54:49.932474 #69213]  INFO -- : 0:  actionpack (4.0.2) from /Users/shawnbroukhim/.rbenv/versions/2.1.0/lib/ruby/gems/2.1.0/specifications/actionpack-4.0.2.gemspec
I, [2014-02-23T12:54:49.932689 #69213]  INFO -- : 0:  mime-types (1.25.1) from /Users/shawnbroukhim/.rbenv/versions/2.1.0/lib/ruby/gems/2.1.0/specifications/mime-types-1.25.1.gemspec
I, [2014-02-23T12:54:51.581399 #69213]  INFO -- : 0:  polyglot (0.3.4) from /Users/shawnbroukhim/.rbenv/versions/2.1.0/lib/ruby/gems/2.1.0/specifications/polyglot-0.3.4.gemspec
I, [2014-02-23T12:54:51.581875 #69213]  INFO -- : 0:  treetop (1.4.15) from /Users/shawnbroukhim/.rbenv/versions/2.1.0/lib/ruby/gems/2.1.0/specifications/treetop-1.4.15.gemspec
I, [2014-02-23T12:54:51.582156 #69213]  INFO -- : 0:  mail (2.5.4) from /Users/shawnbroukhim/.rbenv/versions/2.1.0/lib/ruby/gems/2.1.0/specifications/mail-2.5.4.gemspec
I, [2014-02-23T12:54:51.582410 #69213]  INFO -- : 0:  actionmailer (4.0.2) from /Users/shawnbroukhim/.rbenv/versions/2.1.0/lib/ruby/gems/2.1.0/specifications/actionmailer-4.0.2.gemspec
I, [2014-02-23T12:54:51.582677 #69213]  INFO -- : 0:  activemodel (4.0.2) from /Users/shawnbroukhim/.rbenv/versions/2.1.0/lib/ruby/gems/2.1.0/specifications/activemodel-4.0.2.gemspec
I, [2014-02-23T12:54:51.582940 #69213]  INFO -- : 0:  activerecord-deprecated_finders (1.0.3) from /Users/shawnbroukhim/.rbenv/versions/2.1.0/lib/ruby/gems/2.1.0/specifications/activerecord-deprecated_finders-1.0.3.gemspec
I, [2014-02-23T12:54:51.583226 #69213]  INFO -- : 0:  arel (4.0.2) from /Users/shawnbroukhim/.rbenv/versions/2.1.0/lib/ruby/gems/2.1.0/specifications/arel-4.0.2.gemspec
I, [2014-02-23T12:54:51.583483 #69213]  INFO -- : 0:  activerecord (4.0.2) from /Users/shawnbroukhim/.rbenv/versions/2.1.0/lib/ruby/gems/2.1.0/specifications/activerecord-4.0.2.gemspec
I, [2014-02-23T12:54:51.583702 #69213]  INFO -- : 0:  bundler (1.5.1) from /Users/shawnbroukhim/.rbenv/versions/2.1.0/lib/ruby/gems/2.1.0/specifications/bundler-1.5.1.gemspec
I, [2014-02-23T12:54:51.583981 #69213]  INFO -- : 0:  coffee-script-source (1.7.0) from /Users/shawnbroukhim/.rbenv/versions/2.1.0/lib/ruby/gems/2.1.0/specifications/coffee-script-source-1.7.0.gemspec
I, [2014-02-23T12:54:51.584249 #69213]  INFO -- : 0:  execjs (2.0.2) from /Users/shawnbroukhim/.rbenv/versions/2.1.0/lib/ruby/gems/2.1.0/specifications/execjs-2.0.2.gemspec
I, [2014-02-23T12:54:51.584527 #69213]  INFO -- : 0:  coffee-script (2.2.0) from /Users/shawnbroukhim/.rbenv/versions/2.1.0/lib/ruby/gems/2.1.0/specifications/coffee-script-2.2.0.gemspec
I, [2014-02-23T12:54:51.584766 #69213]  INFO -- : 0:  thor (0.18.1) from /Users/shawnbroukhim/.rbenv/versions/2.1.0/lib/ruby/gems/2.1.0/specifications/thor-0.18.1.gemspec
I, [2014-02-23T12:54:51.584997 #69213]  INFO -- : 0:  railties (4.0.2) from /Users/shawnbroukhim/.rbenv/versions/2.1.0/lib/ruby/gems/2.1.0/specifications/railties-4.0.2.gemspec
I, [2014-02-23T12:54:51.585216 #69213]  INFO -- : 0:  coffee-rails (4.0.1) from /Users/shawnbroukhim/.rbenv/versions/2.1.0/lib/ruby/gems/2.1.0/specifications/coffee-rails-4.0.1.gemspec
I, [2014-02-23T12:54:51.585424 #69213]  INFO -- : 0:  hike (1.2.3) from /Users/shawnbroukhim/.rbenv/versions/2.1.0/lib/ruby/gems/2.1.0/specifications/hike-1.2.3.gemspec
I, [2014-02-23T12:54:51.585645 #69213]  INFO -- : 0:  jbuilder (1.5.3) from /Users/shawnbroukhim/.rbenv/versions/2.1.0/lib/ruby/gems/2.1.0/specifications/jbuilder-1.5.3.gemspec
I, [2014-02-23T12:54:51.585865 #69213]  INFO -- : 0:  jquery-rails (3.1.0) from /Users/shawnbroukhim/.rbenv/versions/2.1.0/lib/ruby/gems/2.1.0/specifications/jquery-rails-3.1.0.gemspec
I, [2014-02-23T12:54:51.586115 #69213]  INFO -- : 0:  json (1.8.1) from /Users/shawnbroukhim/.rbenv/versions/2.1.0/lib/ruby/gems/2.1.0/specifications/default/json-1.8.1.gemspec
I, [2014-02-23T12:54:51.586342 #69213]  INFO -- : 0:  tilt (1.4.1) from /Users/shawnbroukhim/.rbenv/versions/2.1.0/lib/ruby/gems/2.1.0/specifications/tilt-1.4.1.gemspec
I, [2014-02-23T12:54:53.203131 #69213]  INFO -- : 0:  sprockets (2.11.0) from /Users/shawnbroukhim/.rbenv/versions/2.1.0/lib/ruby/gems/2.1.0/specifications/sprockets-2.11.0.gemspec
I, [2014-02-23T12:54:53.203761 #69213]  INFO -- : 0:  sprockets-rails (2.0.1) from /Users/shawnbroukhim/.rbenv/versions/2.1.0/lib/ruby/gems/2.1.0/specifications/sprockets-rails-2.0.1.gemspec
I, [2014-02-23T12:54:53.204112 #69213]  INFO -- : 0:  rails (4.0.2) from /Users/shawnbroukhim/.rbenv/versions/2.1.0/lib/ruby/gems/2.1.0/specifications/rails-4.0.2.gemspec
I, [2014-02-23T12:54:53.204465 #69213]  INFO -- : 0:  rdoc (4.1.1) from /Users/shawnbroukhim/.rbenv/versions/2.1.0/lib/ruby/gems/2.1.0/specifications/rdoc-4.1.1.gemspec
I, [2014-02-23T12:54:53.204812 #69213]  INFO -- : 0:  sass (3.2.14) from /Users/shawnbroukhim/.rbenv/versions/2.1.0/lib/ruby/gems/2.1.0/specifications/sass-3.2.14.gemspec
I, [2014-02-23T12:54:53.205158 #69213]  INFO -- : 0:  sass-rails (4.0.1) from /Users/shawnbroukhim/.rbenv/versions/2.1.0/lib/ruby/gems/2.1.0/specifications/sass-rails-4.0.1.gemspec
I, [2014-02-23T12:54:53.205494 #69213]  INFO -- : 0:  sdoc (0.4.0) from /Users/shawnbroukhim/.rbenv/versions/2.1.0/lib/ruby/gems/2.1.0/specifications/sdoc-0.4.0.gemspec
I, [2014-02-23T12:54:53.205819 #69213]  INFO -- : 0:  sqlite3 (1.3.8) from /Users/shawnbroukhim/.rbenv/versions/2.1.0/lib/ruby/gems/2.1.0/specifications/sqlite3-1.3.8.gemspec
I, [2014-02-23T12:54:53.206115 #69213]  INFO -- : 0:  turbolinks (2.2.1) from /Users/shawnbroukhim/.rbenv/versions/2.1.0/lib/ruby/gems/2.1.0/specifications/turbolinks-2.2.1.gemspec
I, [2014-02-23T12:54:53.206427 #69213]  INFO -- : 0:  uglifier (2.4.0) from /Users/shawnbroukhim/.rbenv/versions/2.1.0/lib/ruby/gems/2.1.0/specifications/uglifier-2.4.0.gemspec
I, [2014-02-23T13:06:58.998577 #69712]  INFO -- : 0:  rake (10.1.1) from /Users/shawnbroukhim/.rbenv/versions/2.1.0/lib/ruby/gems/2.1.0/specifications/rake-10.1.1.gemspec
I, [2014-02-23T13:06:59.006939 #69712]  INFO -- : 0:  i18n (0.6.9) from /Users/shawnbroukhim/.rbenv/versions/2.1.0/lib/ruby/gems/2.1.0/specifications/i18n-0.6.9.gemspec
I, [2014-02-23T13:06:59.007439 #69712]  INFO -- : 0:  minitest (4.7.5) from /Users/shawnbroukhim/.rbenv/versions/2.1.0/lib/ruby/gems/2.1.0/specifications/default/minitest-4.7.5.gemspec
I, [2014-02-23T13:06:59.007867 #69712]  INFO -- : 0:  multi_json (1.8.4) from /Users/shawnbroukhim/.rbenv/versions/2.1.0/lib/ruby/gems/2.1.0/specifications/multi_json-1.8.4.gemspec
I, [2014-02-23T13:06:59.008267 #69712]  INFO -- : 0:  atomic (1.1.14) from /Users/shawnbroukhim/.rbenv/versions/2.1.0/lib/ruby/gems/2.1.0/specifications/atomic-1.1.14.gemspec
I, [2014-02-23T13:06:59.008661 #69712]  INFO -- : 0:  thread_safe (0.1.3) from /Users/shawnbroukhim/.rbenv/versions/2.1.0/lib/ruby/gems/2.1.0/specifications/thread_safe-0.1.3.gemspec
I, [2014-02-23T13:06:59.009050 #69712]  INFO -- : 0:  tzinfo (0.3.38) from /Users/shawnbroukhim/.rbenv/versions/2.1.0/lib/ruby/gems/2.1.0/specifications/tzinfo-0.3.38.gemspec
I, [2014-02-23T13:06:59.009438 #69712]  INFO -- : 0:  activesupport (4.0.2) from /Users/shawnbroukhim/.rbenv/versions/2.1.0/lib/ruby/gems/2.1.0/specifications/activesupport-4.0.2.gemspec
I, [2014-02-23T13:06:59.009881 #69712]  INFO -- : 0:  builder (3.1.4) from /Users/shawnbroukhim/.rbenv/versions/2.1.0/lib/ruby/gems/2.1.0/specifications/builder-3.1.4.gemspec
I, [2014-02-23T13:06:59.010264 #69712]  INFO -- : 0:  erubis (2.7.0) from /Users/shawnbroukhim/.rbenv/versions/2.1.0/lib/ruby/gems/2.1.0/specifications/erubis-2.7.0.gemspec
I, [2014-02-23T13:06:59.010658 #69712]  INFO -- : 0:  rack (1.5.2) from /Users/shawnbroukhim/.rbenv/versions/2.1.0/lib/ruby/gems/2.1.0/specifications/rack-1.5.2.gemspec
I, [2014-02-23T13:06:59.011037 #69712]  INFO -- : 0:  rack-test (0.6.2) from /Users/shawnbroukhim/.rbenv/versions/2.1.0/lib/ruby/gems/2.1.0/specifications/rack-test-0.6.2.gemspec
I, [2014-02-23T13:06:59.011428 #69712]  INFO -- : 0:  actionpack (4.0.2) from /Users/shawnbroukhim/.rbenv/versions/2.1.0/lib/ruby/gems/2.1.0/specifications/actionpack-4.0.2.gemspec
I, [2014-02-23T13:06:59.011809 #69712]  INFO -- : 0:  mime-types (1.25.1) from /Users/shawnbroukhim/.rbenv/versions/2.1.0/lib/ruby/gems/2.1.0/specifications/mime-types-1.25.1.gemspec
I, [2014-02-23T13:06:59.012249 #69712]  INFO -- : 0:  polyglot (0.3.4) from /Users/shawnbroukhim/.rbenv/versions/2.1.0/lib/ruby/gems/2.1.0/specifications/polyglot-0.3.4.gemspec
I, [2014-02-23T13:06:59.012625 #69712]  INFO -- : 0:  treetop (1.4.15) from /Users/shawnbroukhim/.rbenv/versions/2.1.0/lib/ruby/gems/2.1.0/specifications/treetop-1.4.15.gemspec
I, [2014-02-23T13:06:59.012999 #69712]  INFO -- : 0:  mail (2.5.4) from /Users/shawnbroukhim/.rbenv/versions/2.1.0/lib/ruby/gems/2.1.0/specifications/mail-2.5.4.gemspec
I, [2014-02-23T13:06:59.013379 #69712]  INFO -- : 0:  actionmailer (4.0.2) from /Users/shawnbroukhim/.rbenv/versions/2.1.0/lib/ruby/gems/2.1.0/specifications/actionmailer-4.0.2.gemspec
I, [2014-02-23T13:06:59.013751 #69712]  INFO -- : 0:  activemodel (4.0.2) from /Users/shawnbroukhim/.rbenv/versions/2.1.0/lib/ruby/gems/2.1.0/specifications/activemodel-4.0.2.gemspec
I, [2014-02-23T13:06:59.015952 #69712]  INFO -- : 0:  activerecord-deprecated_finders (1.0.3) from /Users/shawnbroukhim/.rbenv/versions/2.1.0/lib/ruby/gems/2.1.0/specifications/activerecord-deprecated_finders-1.0.3.gemspec
I, [2014-02-23T13:06:59.016386 #69712]  INFO -- : 0:  arel (4.0.2) from /Users/shawnbroukhim/.rbenv/versions/2.1.0/lib/ruby/gems/2.1.0/specifications/arel-4.0.2.gemspec
I, [2014-02-23T13:06:59.016707 #69712]  INFO -- : 0:  activerecord (4.0.2) from /Users/shawnbroukhim/.rbenv/versions/2.1.0/lib/ruby/gems/2.1.0/specifications/activerecord-4.0.2.gemspec
I, [2014-02-23T13:06:59.016974 #69712]  INFO -- : 0:  bundler (1.5.1) from /Users/shawnbroukhim/.rbenv/versions/2.1.0/lib/ruby/gems/2.1.0/specifications/bundler-1.5.1.gemspec
I, [2014-02-23T13:06:59.017229 #69712]  INFO -- : 0:  coffee-script-source (1.7.0) from /Users/shawnbroukhim/.rbenv/versions/2.1.0/lib/ruby/gems/2.1.0/specifications/coffee-script-source-1.7.0.gemspec
I, [2014-02-23T13:06:59.017496 #69712]  INFO -- : 0:  execjs (2.0.2) from /Users/shawnbroukhim/.rbenv/versions/2.1.0/lib/ruby/gems/2.1.0/specifications/execjs-2.0.2.gemspec
I, [2014-02-23T13:06:59.017794 #69712]  INFO -- : 0:  coffee-script (2.2.0) from /Users/shawnbroukhim/.rbenv/versions/2.1.0/lib/ruby/gems/2.1.0/specifications/coffee-script-2.2.0.gemspec
I, [2014-02-23T13:06:59.018051 #69712]  INFO -- : 0:  thor (0.18.1) from /Users/shawnbroukhim/.rbenv/versions/2.1.0/lib/ruby/gems/2.1.0/specifications/thor-0.18.1.gemspec
I, [2014-02-23T13:06:59.018320 #69712]  INFO -- : 0:  railties (4.0.2) from /Users/shawnbroukhim/.rbenv/versions/2.1.0/lib/ruby/gems/2.1.0/specifications/railties-4.0.2.gemspec
I, [2014-02-23T13:06:59.018572 #69712]  INFO -- : 0:  coffee-rails (4.0.1) from /Users/shawnbroukhim/.rbenv/versions/2.1.0/lib/ruby/gems/2.1.0/specifications/coffee-rails-4.0.1.gemspec
I, [2014-02-23T13:06:59.018822 #69712]  INFO -- : 0:  hike (1.2.3) from /Users/shawnbroukhim/.rbenv/versions/2.1.0/lib/ruby/gems/2.1.0/specifications/hike-1.2.3.gemspec
I, [2014-02-23T13:06:59.019095 #69712]  INFO -- : 0:  jbuilder (1.5.3) from /Users/shawnbroukhim/.rbenv/versions/2.1.0/lib/ruby/gems/2.1.0/specifications/jbuilder-1.5.3.gemspec
I, [2014-02-23T13:06:59.019352 #69712]  INFO -- : 0:  jquery-rails (3.1.0) from /Users/shawnbroukhim/.rbenv/versions/2.1.0/lib/ruby/gems/2.1.0/specifications/jquery-rails-3.1.0.gemspec
I, [2014-02-23T13:06:59.019596 #69712]  INFO -- : 0:  json (1.8.1) from /Users/shawnbroukhim/.rbenv/versions/2.1.0/lib/ruby/gems/2.1.0/specifications/default/json-1.8.1.gemspec
I, [2014-02-23T13:06:59.019864 #69712]  INFO -- : 0:  pg (0.17.1) from /Users/shawnbroukhim/.rbenv/versions/2.1.0/lib/ruby/gems/2.1.0/specifications/pg-0.17.1.gemspec
I, [2014-02-23T13:06:59.020138 #69712]  INFO -- : 0:  tilt (1.4.1) from /Users/shawnbroukhim/.rbenv/versions/2.1.0/lib/ruby/gems/2.1.0/specifications/tilt-1.4.1.gemspec
I, [2014-02-23T13:06:59.020392 #69712]  INFO -- : 0:  sprockets (2.11.0) from /Users/shawnbroukhim/.rbenv/versions/2.1.0/lib/ruby/gems/2.1.0/specifications/sprockets-2.11.0.gemspec
I, [2014-02-23T13:06:59.020620 #69712]  INFO -- : 0:  sprockets-rails (2.0.1) from /Users/shawnbroukhim/.rbenv/versions/2.1.0/lib/ruby/gems/2.1.0/specifications/sprockets-rails-2.0.1.gemspec
I, [2014-02-23T13:06:59.020880 #69712]  INFO -- : 0:  rails (4.0.2) from /Users/shawnbroukhim/.rbenv/versions/2.1.0/lib/ruby/gems/2.1.0/specifications/rails-4.0.2.gemspec
I, [2014-02-23T13:06:59.021109 #69712]  INFO -- : 0:  rdoc (4.1.1) from /Users/shawnbroukhim/.rbenv/versions/2.1.0/lib/ruby/gems/2.1.0/specifications/rdoc-4.1.1.gemspec
I, [2014-02-23T13:06:59.021370 #69712]  INFO -- : 0:  sass (3.2.14) from /Users/shawnbroukhim/.rbenv/versions/2.1.0/lib/ruby/gems/2.1.0/specifications/sass-3.2.14.gemspec
I, [2014-02-23T13:06:59.021616 #69712]  INFO -- : 0:  sass-rails (4.0.1) from /Users/shawnbroukhim/.rbenv/versions/2.1.0/lib/ruby/gems/2.1.0/specifications/sass-rails-4.0.1.gemspec
I, [2014-02-23T13:06:59.021848 #69712]  INFO -- : 0:  sdoc (0.4.0) from /Users/shawnbroukhim/.rbenv/versions/2.1.0/lib/ruby/gems/2.1.0/specifications/sdoc-0.4.0.gemspec
I, [2014-02-23T13:06:59.022081 #69712]  INFO -- : 0:  sqlite3 (1.3.8) from /Users/shawnbroukhim/.rbenv/versions/2.1.0/lib/ruby/gems/2.1.0/specifications/sqlite3-1.3.8.gemspec
I, [2014-02-23T13:06:59.022313 #69712]  INFO -- : 0:  turbolinks (2.2.1) from /Users/shawnbroukhim/.rbenv/versions/2.1.0/lib/ruby/gems/2.1.0/specifications/turbolinks-2.2.1.gemspec
I, [2014-02-23T13:06:59.022553 #69712]  INFO -- : 0:  uglifier (2.4.0) from /Users/shawnbroukhim/.rbenv/versions/2.1.0/lib/ruby/gems/2.1.0/specifications/uglifier-2.4.0.gemspec
I, [2014-02-23T13:24:58.318608 #70448]  INFO -- : 0:  rake (10.1.1) from /Users/shawnbroukhim/.rbenv/versions/2.1.0/lib/ruby/gems/2.1.0/specifications/rake-10.1.1.gemspec
I, [2014-02-23T13:24:58.318954 #70448]  INFO -- : 0:  i18n (0.6.9) from /Users/shawnbroukhim/.rbenv/versions/2.1.0/lib/ruby/gems/2.1.0/specifications/i18n-0.6.9.gemspec
I, [2014-02-23T13:24:58.319196 #70448]  INFO -- : 0:  minitest (4.7.5) from /Users/shawnbroukhim/.rbenv/versions/2.1.0/lib/ruby/gems/2.1.0/specifications/default/minitest-4.7.5.gemspec
I, [2014-02-23T13:24:58.319485 #70448]  INFO -- : 0:  multi_json (1.8.4) from /Users/shawnbroukhim/.rbenv/versions/2.1.0/lib/ruby/gems/2.1.0/specifications/multi_json-1.8.4.gemspec
I, [2014-02-23T13:24:58.319752 #70448]  INFO -- : 0:  atomic (1.1.14) from /Users/shawnbroukhim/.rbenv/versions/2.1.0/lib/ruby/gems/2.1.0/specifications/atomic-1.1.14.gemspec
I, [2014-02-23T13:24:58.320003 #70448]  INFO -- : 0:  thread_safe (0.1.3) from /Users/shawnbroukhim/.rbenv/versions/2.1.0/lib/ruby/gems/2.1.0/specifications/thread_safe-0.1.3.gemspec
I, [2014-02-23T13:24:58.320236 #70448]  INFO -- : 0:  tzinfo (0.3.38) from /Users/shawnbroukhim/.rbenv/versions/2.1.0/lib/ruby/gems/2.1.0/specifications/tzinfo-0.3.38.gemspec
I, [2014-02-23T13:24:58.320471 #70448]  INFO -- : 0:  activesupport (4.0.2) from /Users/shawnbroukhim/.rbenv/versions/2.1.0/lib/ruby/gems/2.1.0/specifications/activesupport-4.0.2.gemspec
I, [2014-02-23T13:24:58.320715 #70448]  INFO -- : 0:  builder (3.1.4) from /Users/shawnbroukhim/.rbenv/versions/2.1.0/lib/ruby/gems/2.1.0/specifications/builder-3.1.4.gemspec
I, [2014-02-23T13:24:58.320965 #70448]  INFO -- : 0:  erubis (2.7.0) from /Users/shawnbroukhim/.rbenv/versions/2.1.0/lib/ruby/gems/2.1.0/specifications/erubis-2.7.0.gemspec
I, [2014-02-23T13:24:58.321222 #70448]  INFO -- : 0:  rack (1.5.2) from /Users/shawnbroukhim/.rbenv/versions/2.1.0/lib/ruby/gems/2.1.0/specifications/rack-1.5.2.gemspec
I, [2014-02-23T13:24:58.322965 #70448]  INFO -- : 0:  rack-test (0.6.2) from /Users/shawnbroukhim/.rbenv/versions/2.1.0/lib/ruby/gems/2.1.0/specifications/rack-test-0.6.2.gemspec
I, [2014-02-23T13:24:58.323245 #70448]  INFO -- : 0:  actionpack (4.0.2) from /Users/shawnbroukhim/.rbenv/versions/2.1.0/lib/ruby/gems/2.1.0/specifications/actionpack-4.0.2.gemspec
I, [2014-02-23T13:24:58.323533 #70448]  INFO -- : 0:  mime-types (1.25.1) from /Users/shawnbroukhim/.rbenv/versions/2.1.0/lib/ruby/gems/2.1.0/specifications/mime-types-1.25.1.gemspec
I, [2014-02-23T13:24:58.323806 #70448]  INFO -- : 0:  polyglot (0.3.4) from /Users/shawnbroukhim/.rbenv/versions/2.1.0/lib/ruby/gems/2.1.0/specifications/polyglot-0.3.4.gemspec
I, [2014-02-23T13:24:58.324077 #70448]  INFO -- : 0:  treetop (1.4.15) from /Users/shawnbroukhim/.rbenv/versions/2.1.0/lib/ruby/gems/2.1.0/specifications/treetop-1.4.15.gemspec
I, [2014-02-23T13:24:58.324309 #70448]  INFO -- : 0:  mail (2.5.4) from /Users/shawnbroukhim/.rbenv/versions/2.1.0/lib/ruby/gems/2.1.0/specifications/mail-2.5.4.gemspec
I, [2014-02-23T13:24:58.324570 #70448]  INFO -- : 0:  actionmailer (4.0.2) from /Users/shawnbroukhim/.rbenv/versions/2.1.0/lib/ruby/gems/2.1.0/specifications/actionmailer-4.0.2.gemspec
I, [2014-02-23T13:24:58.324798 #70448]  INFO -- : 0:  activemodel (4.0.2) from /Users/shawnbroukhim/.rbenv/versions/2.1.0/lib/ruby/gems/2.1.0/specifications/activemodel-4.0.2.gemspec
I, [2014-02-23T13:24:58.325031 #70448]  INFO -- : 0:  activerecord-deprecated_finders (1.0.3) from /Users/shawnbroukhim/.rbenv/versions/2.1.0/lib/ruby/gems/2.1.0/specifications/activerecord-deprecated_finders-1.0.3.gemspec
I, [2014-02-23T13:24:58.325277 #70448]  INFO -- : 0:  arel (4.0.2) from /Users/shawnbroukhim/.rbenv/versions/2.1.0/lib/ruby/gems/2.1.0/specifications/arel-4.0.2.gemspec
I, [2014-02-23T13:24:58.325500 #70448]  INFO -- : 0:  activerecord (4.0.2) from /Users/shawnbroukhim/.rbenv/versions/2.1.0/lib/ruby/gems/2.1.0/specifications/activerecord-4.0.2.gemspec
I, [2014-02-23T13:24:58.325701 #70448]  INFO -- : 0:  bundler (1.5.1) from /Users/shawnbroukhim/.rbenv/versions/2.1.0/lib/ruby/gems/2.1.0/specifications/bundler-1.5.1.gemspec
I, [2014-02-23T13:24:58.325938 #70448]  INFO -- : 0:  coderay (1.1.0) from /Users/shawnbroukhim/.rbenv/versions/2.1.0/lib/ruby/gems/2.1.0/specifications/coderay-1.1.0.gemspec
I, [2014-02-23T13:24:58.326157 #70448]  INFO -- : 0:  coffee-script-source (1.7.0) from /Users/shawnbroukhim/.rbenv/versions/2.1.0/lib/ruby/gems/2.1.0/specifications/coffee-script-source-1.7.0.gemspec
I, [2014-02-23T13:24:58.326385 #70448]  INFO -- : 0:  execjs (2.0.2) from /Users/shawnbroukhim/.rbenv/versions/2.1.0/lib/ruby/gems/2.1.0/specifications/execjs-2.0.2.gemspec
I, [2014-02-23T13:24:58.326629 #70448]  INFO -- : 0:  coffee-script (2.2.0) from /Users/shawnbroukhim/.rbenv/versions/2.1.0/lib/ruby/gems/2.1.0/specifications/coffee-script-2.2.0.gemspec
I, [2014-02-23T13:24:58.326913 #70448]  INFO -- : 0:  thor (0.18.1) from /Users/shawnbroukhim/.rbenv/versions/2.1.0/lib/ruby/gems/2.1.0/specifications/thor-0.18.1.gemspec
I, [2014-02-23T13:24:58.327331 #70448]  INFO -- : 0:  railties (4.0.2) from /Users/shawnbroukhim/.rbenv/versions/2.1.0/lib/ruby/gems/2.1.0/specifications/railties-4.0.2.gemspec
I, [2014-02-23T13:24:58.327717 #70448]  INFO -- : 0:  coffee-rails (4.0.1) from /Users/shawnbroukhim/.rbenv/versions/2.1.0/lib/ruby/gems/2.1.0/specifications/coffee-rails-4.0.1.gemspec
I, [2014-02-23T13:24:58.328119 #70448]  INFO -- : 0:  hike (1.2.3) from /Users/shawnbroukhim/.rbenv/versions/2.1.0/lib/ruby/gems/2.1.0/specifications/hike-1.2.3.gemspec
I, [2014-02-23T13:24:58.328628 #70448]  INFO -- : 0:  jbuilder (1.5.3) from /Users/shawnbroukhim/.rbenv/versions/2.1.0/lib/ruby/gems/2.1.0/specifications/jbuilder-1.5.3.gemspec
I, [2014-02-23T13:24:58.329120 #70448]  INFO -- : 0:  jquery-rails (3.1.0) from /Users/shawnbroukhim/.rbenv/versions/2.1.0/lib/ruby/gems/2.1.0/specifications/jquery-rails-3.1.0.gemspec
I, [2014-02-23T13:24:58.329490 #70448]  INFO -- : 0:  json (1.8.1) from /Users/shawnbroukhim/.rbenv/versions/2.1.0/lib/ruby/gems/2.1.0/specifications/default/json-1.8.1.gemspec
I, [2014-02-23T13:24:58.329933 #70448]  INFO -- : 0:  method_source (0.8.2) from /Users/shawnbroukhim/.rbenv/versions/2.1.0/lib/ruby/gems/2.1.0/specifications/method_source-0.8.2.gemspec
I, [2014-02-23T13:24:58.330350 #70448]  INFO -- : 0:  pg (0.17.1) from /Users/shawnbroukhim/.rbenv/versions/2.1.0/lib/ruby/gems/2.1.0/specifications/pg-0.17.1.gemspec
I, [2014-02-23T13:24:58.330739 #70448]  INFO -- : 0:  slop (3.4.7) from /Users/shawnbroukhim/.rbenv/versions/2.1.0/lib/ruby/gems/2.1.0/specifications/slop-3.4.7.gemspec
I, [2014-02-23T13:24:58.331175 #70448]  INFO -- : 0:  pry (0.9.12.6) from /Users/shawnbroukhim/.rbenv/versions/2.1.0/lib/ruby/gems/2.1.0/specifications/pry-0.9.12.6.gemspec
I, [2014-02-23T13:24:58.331579 #70448]  INFO -- : 0:  tilt (1.4.1) from /Users/shawnbroukhim/.rbenv/versions/2.1.0/lib/ruby/gems/2.1.0/specifications/tilt-1.4.1.gemspec
I, [2014-02-23T13:24:58.331998 #70448]  INFO -- : 0:  sprockets (2.11.0) from /Users/shawnbroukhim/.rbenv/versions/2.1.0/lib/ruby/gems/2.1.0/specifications/sprockets-2.11.0.gemspec
I, [2014-02-23T13:24:58.332422 #70448]  INFO -- : 0:  sprockets-rails (2.0.1) from /Users/shawnbroukhim/.rbenv/versions/2.1.0/lib/ruby/gems/2.1.0/specifications/sprockets-rails-2.0.1.gemspec
I, [2014-02-23T13:24:58.332822 #70448]  INFO -- : 0:  rails (4.0.2) from /Users/shawnbroukhim/.rbenv/versions/2.1.0/lib/ruby/gems/2.1.0/specifications/rails-4.0.2.gemspec
I, [2014-02-23T13:24:58.333211 #70448]  INFO -- : 0:  rdoc (4.1.1) from /Users/shawnbroukhim/.rbenv/versions/2.1.0/lib/ruby/gems/2.1.0/specifications/rdoc-4.1.1.gemspec
I, [2014-02-23T13:24:58.333598 #70448]  INFO -- : 0:  sass (3.2.14) from /Users/shawnbroukhim/.rbenv/versions/2.1.0/lib/ruby/gems/2.1.0/specifications/sass-3.2.14.gemspec
I, [2014-02-23T13:24:58.333853 #70448]  INFO -- : 0:  sass-rails (4.0.1) from /Users/shawnbroukhim/.rbenv/versions/2.1.0/lib/ruby/gems/2.1.0/specifications/sass-rails-4.0.1.gemspec
I, [2014-02-23T13:24:58.334097 #70448]  INFO -- : 0:  sdoc (0.4.0) from /Users/shawnbroukhim/.rbenv/versions/2.1.0/lib/ruby/gems/2.1.0/specifications/sdoc-0.4.0.gemspec
I, [2014-02-23T13:24:58.334323 #70448]  INFO -- : 0:  sqlite3 (1.3.8) from /Users/shawnbroukhim/.rbenv/versions/2.1.0/lib/ruby/gems/2.1.0/specifications/sqlite3-1.3.8.gemspec
I, [2014-02-23T13:24:58.334561 #70448]  INFO -- : 0:  turbolinks (2.2.1) from /Users/shawnbroukhim/.rbenv/versions/2.1.0/lib/ruby/gems/2.1.0/specifications/turbolinks-2.2.1.gemspec
I, [2014-02-23T13:24:58.334822 #70448]  INFO -- : 0:  uglifier (2.4.0) from /Users/shawnbroukhim/.rbenv/versions/2.1.0/lib/ruby/gems/2.1.0/specifications/uglifier-2.4.0.gemspec
I, [2014-02-23T17:42:19.981555 #71717]  INFO -- : 0:  rake (10.1.1) from /Users/shawnbroukhim/.rbenv/versions/2.1.0/lib/ruby/gems/2.1.0/specifications/rake-10.1.1.gemspec
I, [2014-02-23T17:42:19.982499 #71717]  INFO -- : 0:  i18n (0.6.9) from /Users/shawnbroukhim/.rbenv/versions/2.1.0/lib/ruby/gems/2.1.0/specifications/i18n-0.6.9.gemspec
I, [2014-02-23T17:42:19.982742 #71717]  INFO -- : 0:  minitest (4.7.5) from /Users/shawnbroukhim/.rbenv/versions/2.1.0/lib/ruby/gems/2.1.0/specifications/default/minitest-4.7.5.gemspec
I, [2014-02-23T17:42:19.982991 #71717]  INFO -- : 0:  multi_json (1.8.4) from /Users/shawnbroukhim/.rbenv/versions/2.1.0/lib/ruby/gems/2.1.0/specifications/multi_json-1.8.4.gemspec
I, [2014-02-23T17:42:19.983237 #71717]  INFO -- : 0:  atomic (1.1.14) from /Users/shawnbroukhim/.rbenv/versions/2.1.0/lib/ruby/gems/2.1.0/specifications/atomic-1.1.14.gemspec
I, [2014-02-23T17:42:19.983490 #71717]  INFO -- : 0:  thread_safe (0.1.3) from /Users/shawnbroukhim/.rbenv/versions/2.1.0/lib/ruby/gems/2.1.0/specifications/thread_safe-0.1.3.gemspec
I, [2014-02-23T17:42:19.983719 #71717]  INFO -- : 0:  tzinfo (0.3.38) from /Users/shawnbroukhim/.rbenv/versions/2.1.0/lib/ruby/gems/2.1.0/specifications/tzinfo-0.3.38.gemspec
I, [2014-02-23T17:42:19.983945 #71717]  INFO -- : 0:  activesupport (4.0.2) from /Users/shawnbroukhim/.rbenv/versions/2.1.0/lib/ruby/gems/2.1.0/specifications/activesupport-4.0.2.gemspec
I, [2014-02-23T17:42:19.984162 #71717]  INFO -- : 0:  builder (3.1.4) from /Users/shawnbroukhim/.rbenv/versions/2.1.0/lib/ruby/gems/2.1.0/specifications/builder-3.1.4.gemspec
I, [2014-02-23T17:42:19.984380 #71717]  INFO -- : 0:  erubis (2.7.0) from /Users/shawnbroukhim/.rbenv/versions/2.1.0/lib/ruby/gems/2.1.0/specifications/erubis-2.7.0.gemspec
I, [2014-02-23T17:42:19.984594 #71717]  INFO -- : 0:  rack (1.5.2) from /Users/shawnbroukhim/.rbenv/versions/2.1.0/lib/ruby/gems/2.1.0/specifications/rack-1.5.2.gemspec
I, [2014-02-23T17:42:19.984804 #71717]  INFO -- : 0:  rack-test (0.6.2) from /Users/shawnbroukhim/.rbenv/versions/2.1.0/lib/ruby/gems/2.1.0/specifications/rack-test-0.6.2.gemspec
I, [2014-02-23T17:42:19.985029 #71717]  INFO -- : 0:  actionpack (4.0.2) from /Users/shawnbroukhim/.rbenv/versions/2.1.0/lib/ruby/gems/2.1.0/specifications/actionpack-4.0.2.gemspec
I, [2014-02-23T17:42:19.985245 #71717]  INFO -- : 0:  mime-types (1.25.1) from /Users/shawnbroukhim/.rbenv/versions/2.1.0/lib/ruby/gems/2.1.0/specifications/mime-types-1.25.1.gemspec
I, [2014-02-23T17:42:19.985465 #71717]  INFO -- : 0:  polyglot (0.3.4) from /Users/shawnbroukhim/.rbenv/versions/2.1.0/lib/ruby/gems/2.1.0/specifications/polyglot-0.3.4.gemspec
I, [2014-02-23T17:42:19.985681 #71717]  INFO -- : 0:  treetop (1.4.15) from /Users/shawnbroukhim/.rbenv/versions/2.1.0/lib/ruby/gems/2.1.0/specifications/treetop-1.4.15.gemspec
I, [2014-02-23T17:42:19.985896 #71717]  INFO -- : 0:  mail (2.5.4) from /Users/shawnbroukhim/.rbenv/versions/2.1.0/lib/ruby/gems/2.1.0/specifications/mail-2.5.4.gemspec
I, [2014-02-23T17:42:19.986166 #71717]  INFO -- : 0:  actionmailer (4.0.2) from /Users/shawnbroukhim/.rbenv/versions/2.1.0/lib/ruby/gems/2.1.0/specifications/actionmailer-4.0.2.gemspec
I, [2014-02-23T17:42:19.986373 #71717]  INFO -- : 0:  activemodel (4.0.2) from /Users/shawnbroukhim/.rbenv/versions/2.1.0/lib/ruby/gems/2.1.0/specifications/activemodel-4.0.2.gemspec
I, [2014-02-23T17:42:19.986596 #71717]  INFO -- : 0:  activerecord-deprecated_finders (1.0.3) from /Users/shawnbroukhim/.rbenv/versions/2.1.0/lib/ruby/gems/2.1.0/specifications/activerecord-deprecated_finders-1.0.3.gemspec
I, [2014-02-23T17:42:19.986815 #71717]  INFO -- : 0:  arel (4.0.2) from /Users/shawnbroukhim/.rbenv/versions/2.1.0/lib/ruby/gems/2.1.0/specifications/arel-4.0.2.gemspec
I, [2014-02-23T17:42:19.987030 #71717]  INFO -- : 0:  activerecord (4.0.2) from /Users/shawnbroukhim/.rbenv/versions/2.1.0/lib/ruby/gems/2.1.0/specifications/activerecord-4.0.2.gemspec
I, [2014-02-23T17:42:19.987224 #71717]  INFO -- : 0:  bundler (1.5.1) from /Users/shawnbroukhim/.rbenv/versions/2.1.0/lib/ruby/gems/2.1.0/specifications/bundler-1.5.1.gemspec
I, [2014-02-23T17:42:19.987452 #71717]  INFO -- : 0:  thor (0.18.1) from /Users/shawnbroukhim/.rbenv/versions/2.1.0/lib/ruby/gems/2.1.0/specifications/thor-0.18.1.gemspec
I, [2014-02-23T17:42:19.987669 #71717]  INFO -- : 0:  railties (4.0.2) from /Users/shawnbroukhim/.rbenv/versions/2.1.0/lib/ruby/gems/2.1.0/specifications/railties-4.0.2.gemspec
I, [2014-02-23T17:42:19.987884 #71717]  INFO -- : 0:  hike (1.2.3) from /Users/shawnbroukhim/.rbenv/versions/2.1.0/lib/ruby/gems/2.1.0/specifications/hike-1.2.3.gemspec
I, [2014-02-23T17:42:19.988097 #71717]  INFO -- : 0:  tilt (1.4.1) from /Users/shawnbroukhim/.rbenv/versions/2.1.0/lib/ruby/gems/2.1.0/specifications/tilt-1.4.1.gemspec
I, [2014-02-23T17:42:19.988315 #71717]  INFO -- : 0:  sprockets (2.11.0) from /Users/shawnbroukhim/.rbenv/versions/2.1.0/lib/ruby/gems/2.1.0/specifications/sprockets-2.11.0.gemspec
I, [2014-02-23T17:42:19.988530 #71717]  INFO -- : 0:  sprockets-rails (2.0.1) from /Users/shawnbroukhim/.rbenv/versions/2.1.0/lib/ruby/gems/2.1.0/specifications/sprockets-rails-2.0.1.gemspec
I, [2014-02-23T17:42:19.988744 #71717]  INFO -- : 0:  rails (4.0.2) from /Users/shawnbroukhim/.rbenv/versions/2.1.0/lib/ruby/gems/2.1.0/specifications/rails-4.0.2.gemspec
I, [2014-02-23T17:42:21.669440 #71717]  INFO -- : 0:  animate-rails (1.0.4) from /Users/shawnbroukhim/.rbenv/versions/2.1.0/lib/ruby/gems/2.1.0/specifications/animate-rails-1.0.4.gemspec
I, [2014-02-23T17:42:21.669917 #71717]  INFO -- : 0:  coderay (1.1.0) from /Users/shawnbroukhim/.rbenv/versions/2.1.0/lib/ruby/gems/2.1.0/specifications/coderay-1.1.0.gemspec
I, [2014-02-23T17:42:21.670275 #71717]  INFO -- : 0:  coffee-script-source (1.7.0) from /Users/shawnbroukhim/.rbenv/versions/2.1.0/lib/ruby/gems/2.1.0/specifications/coffee-script-source-1.7.0.gemspec
I, [2014-02-23T17:42:21.670605 #71717]  INFO -- : 0:  execjs (2.0.2) from /Users/shawnbroukhim/.rbenv/versions/2.1.0/lib/ruby/gems/2.1.0/specifications/execjs-2.0.2.gemspec
I, [2014-02-23T17:42:21.670925 #71717]  INFO -- : 0:  coffee-script (2.2.0) from /Users/shawnbroukhim/.rbenv/versions/2.1.0/lib/ruby/gems/2.1.0/specifications/coffee-script-2.2.0.gemspec
I, [2014-02-23T17:42:21.671182 #71717]  INFO -- : 0:  coffee-rails (4.0.1) from /Users/shawnbroukhim/.rbenv/versions/2.1.0/lib/ruby/gems/2.1.0/specifications/coffee-rails-4.0.1.gemspec
I, [2014-02-23T17:42:21.671446 #71717]  INFO -- : 0:  jbuilder (1.5.3) from /Users/shawnbroukhim/.rbenv/versions/2.1.0/lib/ruby/gems/2.1.0/specifications/jbuilder-1.5.3.gemspec
I, [2014-02-23T17:42:21.671718 #71717]  INFO -- : 0:  jquery-rails (3.1.0) from /Users/shawnbroukhim/.rbenv/versions/2.1.0/lib/ruby/gems/2.1.0/specifications/jquery-rails-3.1.0.gemspec
I, [2014-02-23T17:42:21.671947 #71717]  INFO -- : 0:  json (1.8.1) from /Users/shawnbroukhim/.rbenv/versions/2.1.0/lib/ruby/gems/2.1.0/specifications/default/json-1.8.1.gemspec
I, [2014-02-23T17:42:21.672208 #71717]  INFO -- : 0:  method_source (0.8.2) from /Users/shawnbroukhim/.rbenv/versions/2.1.0/lib/ruby/gems/2.1.0/specifications/method_source-0.8.2.gemspec
I, [2014-02-23T17:42:21.672484 #71717]  INFO -- : 0:  pg (0.17.1) from /Users/shawnbroukhim/.rbenv/versions/2.1.0/lib/ruby/gems/2.1.0/specifications/pg-0.17.1.gemspec
I, [2014-02-23T17:42:21.672780 #71717]  INFO -- : 0:  slop (3.4.7) from /Users/shawnbroukhim/.rbenv/versions/2.1.0/lib/ruby/gems/2.1.0/specifications/slop-3.4.7.gemspec
I, [2014-02-23T17:42:21.673030 #71717]  INFO -- : 0:  pry (0.9.12.6) from /Users/shawnbroukhim/.rbenv/versions/2.1.0/lib/ruby/gems/2.1.0/specifications/pry-0.9.12.6.gemspec
I, [2014-02-23T17:42:21.673295 #71717]  INFO -- : 0:  rdoc (4.1.1) from /Users/shawnbroukhim/.rbenv/versions/2.1.0/lib/ruby/gems/2.1.0/specifications/rdoc-4.1.1.gemspec
I, [2014-02-23T17:42:21.673557 #71717]  INFO -- : 0:  sass (3.2.14) from /Users/shawnbroukhim/.rbenv/versions/2.1.0/lib/ruby/gems/2.1.0/specifications/sass-3.2.14.gemspec
I, [2014-02-23T17:42:21.673825 #71717]  INFO -- : 0:  sass-rails (4.0.1) from /Users/shawnbroukhim/.rbenv/versions/2.1.0/lib/ruby/gems/2.1.0/specifications/sass-rails-4.0.1.gemspec
I, [2014-02-23T17:42:21.674114 #71717]  INFO -- : 0:  sdoc (0.4.0) from /Users/shawnbroukhim/.rbenv/versions/2.1.0/lib/ruby/gems/2.1.0/specifications/sdoc-0.4.0.gemspec
I, [2014-02-23T17:42:21.674415 #71717]  INFO -- : 0:  sqlite3 (1.3.8) from /Users/shawnbroukhim/.rbenv/versions/2.1.0/lib/ruby/gems/2.1.0/specifications/sqlite3-1.3.8.gemspec
I, [2014-02-23T17:42:21.674755 #71717]  INFO -- : 0:  turbolinks (2.2.1) from /Users/shawnbroukhim/.rbenv/versions/2.1.0/lib/ruby/gems/2.1.0/specifications/turbolinks-2.2.1.gemspec
I, [2014-02-23T17:42:21.675006 #71717]  INFO -- : 0:  uglifier (2.4.0) from /Users/shawnbroukhim/.rbenv/versions/2.1.0/lib/ruby/gems/2.1.0/specifications/uglifier-2.4.0.gemspec
I, [2014-02-23T18:47:28.565004 #73146]  INFO -- : 0:  rake (10.1.1) from /Users/shawnbroukhim/.rbenv/versions/2.1.0/lib/ruby/gems/2.1.0/specifications/rake-10.1.1.gemspec
I, [2014-02-23T18:47:28.565841 #73146]  INFO -- : 0:  i18n (0.6.9) from /Users/shawnbroukhim/.rbenv/versions/2.1.0/lib/ruby/gems/2.1.0/specifications/i18n-0.6.9.gemspec
I, [2014-02-23T18:47:28.566099 #73146]  INFO -- : 0:  minitest (4.7.5) from /Users/shawnbroukhim/.rbenv/versions/2.1.0/lib/ruby/gems/2.1.0/specifications/default/minitest-4.7.5.gemspec
I, [2014-02-23T18:47:28.566367 #73146]  INFO -- : 0:  multi_json (1.8.4) from /Users/shawnbroukhim/.rbenv/versions/2.1.0/lib/ruby/gems/2.1.0/specifications/multi_json-1.8.4.gemspec
I, [2014-02-23T18:47:28.566664 #73146]  INFO -- : 0:  atomic (1.1.14) from /Users/shawnbroukhim/.rbenv/versions/2.1.0/lib/ruby/gems/2.1.0/specifications/atomic-1.1.14.gemspec
I, [2014-02-23T18:47:28.566944 #73146]  INFO -- : 0:  thread_safe (0.1.3) from /Users/shawnbroukhim/.rbenv/versions/2.1.0/lib/ruby/gems/2.1.0/specifications/thread_safe-0.1.3.gemspec
I, [2014-02-23T18:47:28.567197 #73146]  INFO -- : 0:  tzinfo (0.3.38) from /Users/shawnbroukhim/.rbenv/versions/2.1.0/lib/ruby/gems/2.1.0/specifications/tzinfo-0.3.38.gemspec
I, [2014-02-23T18:47:28.567428 #73146]  INFO -- : 0:  activesupport (4.0.2) from /Users/shawnbroukhim/.rbenv/versions/2.1.0/lib/ruby/gems/2.1.0/specifications/activesupport-4.0.2.gemspec
I, [2014-02-23T18:47:28.567674 #73146]  INFO -- : 0:  builder (3.1.4) from /Users/shawnbroukhim/.rbenv/versions/2.1.0/lib/ruby/gems/2.1.0/specifications/builder-3.1.4.gemspec
I, [2014-02-23T18:47:28.567922 #73146]  INFO -- : 0:  erubis (2.7.0) from /Users/shawnbroukhim/.rbenv/versions/2.1.0/lib/ruby/gems/2.1.0/specifications/erubis-2.7.0.gemspec
I, [2014-02-23T18:47:28.568156 #73146]  INFO -- : 0:  rack (1.5.2) from /Users/shawnbroukhim/.rbenv/versions/2.1.0/lib/ruby/gems/2.1.0/specifications/rack-1.5.2.gemspec
I, [2014-02-23T18:47:28.568395 #73146]  INFO -- : 0:  rack-test (0.6.2) from /Users/shawnbroukhim/.rbenv/versions/2.1.0/lib/ruby/gems/2.1.0/specifications/rack-test-0.6.2.gemspec
I, [2014-02-23T18:47:28.568641 #73146]  INFO -- : 0:  actionpack (4.0.2) from /Users/shawnbroukhim/.rbenv/versions/2.1.0/lib/ruby/gems/2.1.0/specifications/actionpack-4.0.2.gemspec
I, [2014-02-23T18:47:28.568866 #73146]  INFO -- : 0:  mime-types (1.25.1) from /Users/shawnbroukhim/.rbenv/versions/2.1.0/lib/ruby/gems/2.1.0/specifications/mime-types-1.25.1.gemspec
I, [2014-02-23T18:47:28.569108 #73146]  INFO -- : 0:  polyglot (0.3.4) from /Users/shawnbroukhim/.rbenv/versions/2.1.0/lib/ruby/gems/2.1.0/specifications/polyglot-0.3.4.gemspec
I, [2014-02-23T18:47:28.569333 #73146]  INFO -- : 0:  treetop (1.4.15) from /Users/shawnbroukhim/.rbenv/versions/2.1.0/lib/ruby/gems/2.1.0/specifications/treetop-1.4.15.gemspec
I, [2014-02-23T18:47:28.569573 #73146]  INFO -- : 0:  mail (2.5.4) from /Users/shawnbroukhim/.rbenv/versions/2.1.0/lib/ruby/gems/2.1.0/specifications/mail-2.5.4.gemspec
I, [2014-02-23T18:47:28.569799 #73146]  INFO -- : 0:  actionmailer (4.0.2) from /Users/shawnbroukhim/.rbenv/versions/2.1.0/lib/ruby/gems/2.1.0/specifications/actionmailer-4.0.2.gemspec
I, [2014-02-23T18:47:28.570027 #73146]  INFO -- : 0:  activemodel (4.0.2) from /Users/shawnbroukhim/.rbenv/versions/2.1.0/lib/ruby/gems/2.1.0/specifications/activemodel-4.0.2.gemspec
I, [2014-02-23T18:47:28.570278 #73146]  INFO -- : 0:  activerecord-deprecated_finders (1.0.3) from /Users/shawnbroukhim/.rbenv/versions/2.1.0/lib/ruby/gems/2.1.0/specifications/activerecord-deprecated_finders-1.0.3.gemspec
I, [2014-02-23T18:47:28.570525 #73146]  INFO -- : 0:  arel (4.0.2) from /Users/shawnbroukhim/.rbenv/versions/2.1.0/lib/ruby/gems/2.1.0/specifications/arel-4.0.2.gemspec
I, [2014-02-23T18:47:28.570750 #73146]  INFO -- : 0:  activerecord (4.0.2) from /Users/shawnbroukhim/.rbenv/versions/2.1.0/lib/ruby/gems/2.1.0/specifications/activerecord-4.0.2.gemspec
I, [2014-02-23T18:47:28.570970 #73146]  INFO -- : 0:  bundler (1.5.1) from /Users/shawnbroukhim/.rbenv/versions/2.1.0/lib/ruby/gems/2.1.0/specifications/bundler-1.5.1.gemspec
I, [2014-02-23T18:47:28.571192 #73146]  INFO -- : 0:  thor (0.18.1) from /Users/shawnbroukhim/.rbenv/versions/2.1.0/lib/ruby/gems/2.1.0/specifications/thor-0.18.1.gemspec
I, [2014-02-23T18:47:28.571423 #73146]  INFO -- : 0:  railties (4.0.2) from /Users/shawnbroukhim/.rbenv/versions/2.1.0/lib/ruby/gems/2.1.0/specifications/railties-4.0.2.gemspec
I, [2014-02-23T18:47:28.571657 #73146]  INFO -- : 0:  hike (1.2.3) from /Users/shawnbroukhim/.rbenv/versions/2.1.0/lib/ruby/gems/2.1.0/specifications/hike-1.2.3.gemspec
I, [2014-02-23T18:47:28.571885 #73146]  INFO -- : 0:  tilt (1.4.1) from /Users/shawnbroukhim/.rbenv/versions/2.1.0/lib/ruby/gems/2.1.0/specifications/tilt-1.4.1.gemspec
I, [2014-02-23T18:47:28.572128 #73146]  INFO -- : 0:  sprockets (2.11.0) from /Users/shawnbroukhim/.rbenv/versions/2.1.0/lib/ruby/gems/2.1.0/specifications/sprockets-2.11.0.gemspec
I, [2014-02-23T18:47:28.572360 #73146]  INFO -- : 0:  sprockets-rails (2.0.1) from /Users/shawnbroukhim/.rbenv/versions/2.1.0/lib/ruby/gems/2.1.0/specifications/sprockets-rails-2.0.1.gemspec
I, [2014-02-23T18:47:28.572587 #73146]  INFO -- : 0:  rails (4.0.2) from /Users/shawnbroukhim/.rbenv/versions/2.1.0/lib/ruby/gems/2.1.0/specifications/rails-4.0.2.gemspec
I, [2014-02-23T18:47:28.572817 #73146]  INFO -- : 0:  animate-rails (1.0.4) from /Users/shawnbroukhim/.rbenv/versions/2.1.0/lib/ruby/gems/2.1.0/specifications/animate-rails-1.0.4.gemspec
I, [2014-02-23T18:47:28.573056 #73146]  INFO -- : 0:  coderay (1.1.0) from /Users/shawnbroukhim/.rbenv/versions/2.1.0/lib/ruby/gems/2.1.0/specifications/coderay-1.1.0.gemspec
I, [2014-02-23T18:47:28.573291 #73146]  INFO -- : 0:  coffee-script-source (1.7.0) from /Users/shawnbroukhim/.rbenv/versions/2.1.0/lib/ruby/gems/2.1.0/specifications/coffee-script-source-1.7.0.gemspec
I, [2014-02-23T18:47:28.573510 #73146]  INFO -- : 0:  execjs (2.0.2) from /Users/shawnbroukhim/.rbenv/versions/2.1.0/lib/ruby/gems/2.1.0/specifications/execjs-2.0.2.gemspec
I, [2014-02-23T18:47:28.573792 #73146]  INFO -- : 0:  coffee-script (2.2.0) from /Users/shawnbroukhim/.rbenv/versions/2.1.0/lib/ruby/gems/2.1.0/specifications/coffee-script-2.2.0.gemspec
I, [2014-02-23T18:47:28.574017 #73146]  INFO -- : 0:  coffee-rails (4.0.1) from /Users/shawnbroukhim/.rbenv/versions/2.1.0/lib/ruby/gems/2.1.0/specifications/coffee-rails-4.0.1.gemspec
I, [2014-02-23T18:47:28.574246 #73146]  INFO -- : 0:  jbuilder (1.5.3) from /Users/shawnbroukhim/.rbenv/versions/2.1.0/lib/ruby/gems/2.1.0/specifications/jbuilder-1.5.3.gemspec
I, [2014-02-23T18:47:28.574474 #73146]  INFO -- : 0:  jquery-rails (3.1.0) from /Users/shawnbroukhim/.rbenv/versions/2.1.0/lib/ruby/gems/2.1.0/specifications/jquery-rails-3.1.0.gemspec
I, [2014-02-23T18:47:28.574684 #73146]  INFO -- : 0:  json (1.8.1) from /Users/shawnbroukhim/.rbenv/versions/2.1.0/lib/ruby/gems/2.1.0/specifications/default/json-1.8.1.gemspec
I, [2014-02-23T18:47:28.574932 #73146]  INFO -- : 0:  method_source (0.8.2) from /Users/shawnbroukhim/.rbenv/versions/2.1.0/lib/ruby/gems/2.1.0/specifications/method_source-0.8.2.gemspec
I, [2014-02-23T18:47:28.575181 #73146]  INFO -- : 0:  pg (0.17.1) from /Users/shawnbroukhim/.rbenv/versions/2.1.0/lib/ruby/gems/2.1.0/specifications/pg-0.17.1.gemspec
I, [2014-02-23T18:47:28.575414 #73146]  INFO -- : 0:  slop (3.4.7) from /Users/shawnbroukhim/.rbenv/versions/2.1.0/lib/ruby/gems/2.1.0/specifications/slop-3.4.7.gemspec
I, [2014-02-23T18:47:28.575659 #73146]  INFO -- : 0:  pry (0.9.12.6) from /Users/shawnbroukhim/.rbenv/versions/2.1.0/lib/ruby/gems/2.1.0/specifications/pry-0.9.12.6.gemspec
I, [2014-02-23T18:47:28.575896 #73146]  INFO -- : 0:  rdoc (4.1.1) from /Users/shawnbroukhim/.rbenv/versions/2.1.0/lib/ruby/gems/2.1.0/specifications/rdoc-4.1.1.gemspec
I, [2014-02-23T18:47:28.576130 #73146]  INFO -- : 0:  sass (3.2.14) from /Users/shawnbroukhim/.rbenv/versions/2.1.0/lib/ruby/gems/2.1.0/specifications/sass-3.2.14.gemspec
I, [2014-02-23T18:47:28.576380 #73146]  INFO -- : 0:  sass-rails (4.0.1) from /Users/shawnbroukhim/.rbenv/versions/2.1.0/lib/ruby/gems/2.1.0/specifications/sass-rails-4.0.1.gemspec
I, [2014-02-23T18:47:28.576616 #73146]  INFO -- : 0:  sdoc (0.4.0) from /Users/shawnbroukhim/.rbenv/versions/2.1.0/lib/ruby/gems/2.1.0/specifications/sdoc-0.4.0.gemspec
I, [2014-02-23T18:47:28.576834 #73146]  INFO -- : 0:  turbolinks (2.2.1) from /Users/shawnbroukhim/.rbenv/versions/2.1.0/lib/ruby/gems/2.1.0/specifications/turbolinks-2.2.1.gemspec
I, [2014-02-23T18:47:28.577081 #73146]  INFO -- : 0:  uglifier (2.4.0) from /Users/shawnbroukhim/.rbenv/versions/2.1.0/lib/ruby/gems/2.1.0/specifications/uglifier-2.4.0.gemspec
